#
# There is insufficient memory for the Java Runtime Environment to continue.
# Native memory allocation (mmap) failed to map 132120576 bytes for G1 virtual space
# Possible reasons:
#   The system is out of physical RAM or swap space
#   The process is running with CompressedOops enabled, and the Java Heap may be blocking the growth of the native heap
# Possible solutions:
#   Reduce memory load on the system
#   Increase physical memory or swap space
#   Check if swap backing store is full
#   Decrease Java heap size (-Xmx/-Xms)
#   Decrease number of Java threads
#   Decrease Java thread stack sizes (-Xss)
#   Set larger code cache with -XX:ReservedCodeCacheSize=
#   JVM is running with Unscaled Compressed Oops mode in which the Java heap is
#     placed in the first 4GB address space. The Java Heap base address is the
#     maximum limit for the native heap growth. Please use -XX:HeapBaseMinAddress
#     to set the Java Heap base and to place the Java Heap above 4GB virtual address.
# This output file may be truncated or incomplete.
#
#  Out of Memory Error (os_windows.cpp:3469), pid=13276, tid=23380
#
# JRE version:  (17.0.1+12) (build )
# Java VM: OpenJDK 64-Bit Server VM (17.0.1+12, mixed mode, sharing, tiered, compressed oops, compressed class ptrs, g1 gc, windows-amd64)
# No core dump will be written. Minidumps are not enabled by default on client versions of Windows
#

---------------  S U M M A R Y ------------

Command Line: -Dfile.encoding=UTF-8 -XX:+ShowCodeDetailsInExceptionMessages kr.hs.dgsw.java.dept1.prompt.AbstractCommand

Host: Intel(R) Core(TM) i7-10510U CPU @ 1.80GHz, 8 cores, 7G,  Windows 10 , 64 bit Build 22000 (10.0.22000.613)
Time: Wed May 11 13:47:23 2022  Windows 10 , 64 bit Build 22000 (10.0.22000.613) elapsed time: 0.015602 seconds (0d 0h 0m 0s)

---------------  T H R E A D  ---------------

Current thread (0x00000182cfd40420):  JavaThread "Unknown thread" [_thread_in_vm, id=23380, stack(0x000000107d900000,0x000000107da00000)]

Stack: [0x000000107d900000,0x000000107da00000]
Native frames: (J=compiled Java code, j=interpreted, Vv=VM code, C=native code)
V  [jvm.dll+0x6744da]
V  [jvm.dll+0x82e144]
V  [jvm.dll+0x82f8ee]
V  [jvm.dll+0x82ff53]
V  [jvm.dll+0x245175]
V  [jvm.dll+0x6714c9]
V  [jvm.dll+0x665f92]
V  [jvm.dll+0x303c3b]
V  [jvm.dll+0x30b176]
V  [jvm.dll+0x35af1e]
V  [jvm.dll+0x35b14f]
V  [jvm.dll+0x2dab78]
V  [jvm.dll+0x2dbae4]
V  [jvm.dll+0x7ffdf1]
V  [jvm.dll+0x368c91]
V  [jvm.dll+0x7df2cc]
V  [jvm.dll+0x3eb59f]
V  [jvm.dll+0x3ed121]
C  [jli.dll+0x5277]
C  [ucrtbase.dll+0x26c0c]
C  [KERNEL32.DLL+0x154e0]
C  [ntdll.dll+0x485b]


---------------  P R O C E S S  ---------------

Threads class SMR info:
_java_thread_list=0x00007ffc935c4e58, length=0, elements={
}

Java Threads: ( => current thread )

Other Threads:
  0x00000182cfd7f560 GCTaskThread "GC Thread#0" [stack: 0x000000107da00000,0x000000107db00000] [id=6356]
  0x00000182cfd90580 ConcurrentGCThread "G1 Main Marker" [stack: 0x000000107db00000,0x000000107dc00000] [id=38660]
  0x00000182cfd90f90 ConcurrentGCThread "G1 Conc#0" [stack: 0x000000107dc00000,0x000000107dd00000] [id=32568]

[error occurred during error reporting (printing all threads), id 0xc0000005, EXCEPTION_ACCESS_VIOLATION (0xc0000005) at pc=0x00007ffc92d9b5f7]

VM state: not at safepoint (not fully initialized)

VM Mutex/Monitor currently owned by a thread:  ([mutex/lock_event])
[0x00000182cfd3adc0] Heap_lock - owner thread: 0x00000182cfd40420

Heap address: 0x0000000083600000, size: 1994 MB, Compressed Oops mode: 32-bit

CDS archive(s) mapped at: [0x0000000000000000-0x0000000000000000-0x0000000000000000), size 0, SharedBaseAddress: 0x0000000800000000, ArchiveRelocationMode: 0.
Narrow klass base: 0x0000000000000000, Narrow klass shift: 0, Narrow klass range: 0x0

GC Precious Log:
<Empty>

Heap:
 garbage-first heap   total 0K, used 0K [0x0000000083600000, 0x0000000100000000)
  region size 1024K, 0 young (0K), 0 survivors (0K)

[error occurred during error reporting (printing heap information), id 0xc0000005, EXCEPTION_ACCESS_VIOLATION (0xc0000005) at pc=0x00007ffc9317d729]

GC Heap History (0 events):
No events

Deoptimization events (0 events):
No events

Classes unloaded (0 events):
No events

Classes redefined (0 events):
No events

Internal exceptions (0 events):
No events

VM Operations (0 events):
No events

Events (1 events):
Event: 0.011 Loaded shared library C:\Users\DGSW\Desktop\eclipse\plugins\org.eclipse.justj.openjdk.hotspot.jre.full.win32.x86_64_17.0.1.v20211116-1657\jre\bin\java.dll


Dynamic libraries:
0x00007ff6d8df0000 - 0x00007ff6d8dfe000 	C:\Users\DGSW\Desktop\eclipse\plugins\org.eclipse.justj.openjdk.hotspot.jre.full.win32.x86_64_17.0.1.v20211116-1657\jre\bin\javaw.exe
0x00007ffd33260000 - 0x00007ffd33469000 	C:\WINDOWS\SYSTEM32\ntdll.dll
0x00007ffd32590000 - 0x00007ffd3264d000 	C:\WINDOWS\System32\KERNEL32.DLL
0x00007ffd30ba0000 - 0x00007ffd30f14000 	C:\WINDOWS\System32\KERNELBASE.dll
0x00007ffd30a80000 - 0x00007ffd30b91000 	C:\WINDOWS\System32\ucrtbase.dll
0x00007ffd1e060000 - 0x00007ffd1e078000 	C:\Users\DGSW\Desktop\eclipse\plugins\org.eclipse.justj.openjdk.hotspot.jre.full.win32.x86_64_17.0.1.v20211116-1657\jre\bin\jli.dll
0x00007ffd1d520000 - 0x00007ffd1d539000 	C:\Users\DGSW\Desktop\eclipse\plugins\org.eclipse.justj.openjdk.hotspot.jre.full.win32.x86_64_17.0.1.v20211116-1657\jre\bin\VCRUNTIME140.dll
0x00007ffd32b20000 - 0x00007ffd32ccc000 	C:\WINDOWS\System32\USER32.dll
0x00007ffd30a50000 - 0x00007ffd30a76000 	C:\WINDOWS\System32\win32u.dll
0x00007ffd31600000 - 0x00007ffd31629000 	C:\WINDOWS\System32\GDI32.dll
0x00007ffd30750000 - 0x00007ffd30862000 	C:\WINDOWS\System32\gdi32full.dll
0x00007ffd30870000 - 0x00007ffd3090d000 	C:\WINDOWS\System32\msvcp_win.dll
0x00007ffd20380000 - 0x00007ffd20625000 	C:\WINDOWS\WinSxS\amd64_microsoft.windows.common-controls_6595b64144ccf1df_6.0.22000.120_none_9d947278b86cc467\COMCTL32.dll
0x00007ffd33170000 - 0x00007ffd33213000 	C:\WINDOWS\System32\msvcrt.dll
0x00007ffd32810000 - 0x00007ffd32841000 	C:\WINDOWS\System32\IMM32.DLL
0x00007ffd29930000 - 0x00007ffd2993c000 	C:\Users\DGSW\Desktop\eclipse\plugins\org.eclipse.justj.openjdk.hotspot.jre.full.win32.x86_64_17.0.1.v20211116-1657\jre\bin\vcruntime140_1.dll
0x00007ffd0a0a0000 - 0x00007ffd0a131000 	C:\Users\DGSW\Desktop\eclipse\plugins\org.eclipse.justj.openjdk.hotspot.jre.full.win32.x86_64_17.0.1.v20211116-1657\jre\bin\msvcp140.dll
0x00007ffc92ab0000 - 0x00007ffc936f6000 	C:\Users\DGSW\Desktop\eclipse\plugins\org.eclipse.justj.openjdk.hotspot.jre.full.win32.x86_64_17.0.1.v20211116-1657\jre\bin\server\jvm.dll
0x00007ffd31630000 - 0x00007ffd316de000 	C:\WINDOWS\System32\ADVAPI32.dll
0x00007ffd324f0000 - 0x00007ffd3258e000 	C:\WINDOWS\System32\sechost.dll
0x00007ffd32160000 - 0x00007ffd32280000 	C:\WINDOWS\System32\RPCRT4.dll
0x00007ffd32d30000 - 0x00007ffd32d38000 	C:\WINDOWS\System32\PSAPI.DLL
0x00007ffd265f0000 - 0x00007ffd26623000 	C:\WINDOWS\SYSTEM32\WINMM.dll
0x00007ffd1dde0000 - 0x00007ffd1dde9000 	C:\WINDOWS\SYSTEM32\WSOCK32.dll
0x00007ffd32a80000 - 0x00007ffd32aef000 	C:\WINDOWS\System32\WS2_32.dll
0x00007ffd25f90000 - 0x00007ffd25f9a000 	C:\WINDOWS\SYSTEM32\VERSION.dll
0x00007ffd2f940000 - 0x00007ffd2f958000 	C:\WINDOWS\SYSTEM32\kernel.appcore.dll
0x00007ffd1ddd0000 - 0x00007ffd1ddda000 	C:\Users\DGSW\Desktop\eclipse\plugins\org.eclipse.justj.openjdk.hotspot.jre.full.win32.x86_64_17.0.1.v20211116-1657\jre\bin\jimage.dll
0x00007ffd2dd20000 - 0x00007ffd2df41000 	C:\WINDOWS\SYSTEM32\DBGHELP.DLL
0x00007ffd1e3d0000 - 0x00007ffd1e401000 	C:\WINDOWS\SYSTEM32\dbgcore.DLL
0x00007ffd309d0000 - 0x00007ffd30a4f000 	C:\WINDOWS\System32\bcryptPrimitives.dll
0x00007ffd1c190000 - 0x00007ffd1c1b5000 	C:\Users\DGSW\Desktop\eclipse\plugins\org.eclipse.justj.openjdk.hotspot.jre.full.win32.x86_64_17.0.1.v20211116-1657\jre\bin\java.dll

dbghelp: loaded successfully - version: 4.0.5 - missing functions: none
symbol engine: initialized successfully - sym options: 0x614 - pdb path: .;C:\Users\DGSW\Desktop\eclipse\plugins\org.eclipse.justj.openjdk.hotspot.jre.full.win32.x86_64_17.0.1.v20211116-1657\jre\bin;C:\WINDOWS\SYSTEM32;C:\WINDOWS\WinSxS\amd64_microsoft.windows.common-controls_6595b64144ccf1df_6.0.22000.120_none_9d947278b86cc467;C:\Users\DGSW\Desktop\eclipse\plugins\org.eclipse.justj.openjdk.hotspot.jre.full.win32.x86_64_17.0.1.v20211116-1657\jre\bin\server

VM Arguments:
jvm_args: -Dfile.encoding=UTF-8 -XX:+ShowCodeDetailsInExceptionMessages 
java_command: kr.hs.dgsw.java.dept1.prompt.AbstractCommand
java_class_path (initial): C:\Users\DGSW\eclipse-workspace\school_Java_Lang\bin
Launcher Type: SUN_STANDARD

[Global flags]
     intx CICompilerCount                          = 4                                         {product} {ergonomic}
     uint ConcGCThreads                            = 2                                         {product} {ergonomic}
     uint G1ConcRefinementThreads                  = 8                                         {product} {ergonomic}
   size_t G1HeapRegionSize                         = 1048576                                   {product} {ergonomic}
    uintx GCDrainStackTargetSize                   = 64                                        {product} {ergonomic}
   size_t InitialHeapSize                          = 132120576                                 {product} {ergonomic}
   size_t MarkStackSize                            = 4194304                                   {product} {ergonomic}
   size_t MaxHeapSize                              = 2090860544                                {product} {ergonomic}
   size_t MinHeapDeltaBytes                        = 1048576                                   {product} {ergonomic}
   size_t MinHeapSize                              = 8388608                                   {product} {ergonomic}
    uintx NonNMethodCodeHeapSize                   = 5839372                                {pd product} {ergonomic}
    uintx NonProfiledCodeHeapSize                  = 122909434                              {pd product} {ergonomic}
    uintx ProfiledCodeHeapSize                     = 122909434                              {pd product} {ergonomic}
    uintx ReservedCodeCacheSize                    = 251658240                              {pd product} {ergonomic}
     bool SegmentedCodeCache                       = true                                      {product} {ergonomic}
     bool ShowCodeDetailsInExceptionMessages       = true                                   {manageable} {command line}
   size_t SoftMaxHeapSize                          = 2090860544                             {manageable} {ergonomic}
     bool UseCompressedClassPointers               = true                           {product lp64_product} {ergonomic}
     bool UseCompressedOops                        = true                           {product lp64_product} {ergonomic}
     bool UseG1GC                                  = true                                      {product} {ergonomic}
     bool UseLargePagesIndividualAllocation        = false                                  {pd product} {ergonomic}

Logging:
Log output configuration:
 #0: stdout all=warning uptime,level,tags
 #1: stderr all=off uptime,level,tags

Environment Variables:
PATH=C:/Users/DGSW/Desktop/eclipse//plugins/org.eclipse.justj.openjdk.hotspot.jre.full.win32.x86_64_17.0.1.v20211116-1657/jre/bin/server;C:/Users/DGSW/Desktop/eclipse//plugins/org.eclipse.justj.openjdk.hotspot.jre.full.win32.x86_64_17.0.1.v20211116-1657/jre/bin;C:\Program Files\Common Files\Oracle\Java\javapath;C:\WINDOWS\system32;C:\WINDOWS;C:\WINDOWS\System32\Wbem;C:\WINDOWS\System32\WindowsPowerShell\v1.0\;C:\WINDOWS\System32\OpenSSH\;C:\Program Files\Git\cmd;C:\Program Files\nodejs\;C:\Program Files\MySQL\MySQL Shell 8.0\bin\;C:\Python310\Scripts\;C:\Python310\;C:\Users\DGSW\AppData\Local\Microsoft\WindowsApps;C:\Program Files\Bandizip\;C:\Users\DGSW\AppData\Local\GitHubDesktop\bin;C:\Users\DGSW\AppData\Local\Programs\Microsoft VS Code\bin;C:\Program Files\JetBrains\PyCharm Community Edition 2021.2.2\bin;C:\Users\DGSW\AppData\Local\gitkraken\bin;C:\Users\DGSW\AppData\Roaming\npm;C:\Program Files\JetBrains\IntelliJ IDEA 2021.3.3\bin;C:\Users\DGSW\Desktop\eclipse;
USERNAME=DGSW
OS=Windows_NT
PROCESSOR_IDENTIFIER=Intel64 Family 6 Model 142 Stepping 12, GenuineIntel



---------------  S Y S T E M  ---------------

OS:
 Windows 10 , 64 bit Build 22000 (10.0.22000.613)
OS uptime: 7 days 3:09 hours

CPU: total 8 (initial active 8) (4 cores per cpu, 2 threads per core) family 6 model 142 stepping 12 microcode 0xde, cx8, cmov, fxsr, ht, mmx, 3dnowpref, sse, sse2, sse3, ssse3, sse4.1, sse4.2, popcnt, lzcnt, tsc, tscinvbit, avx, avx2, aes, erms, clmul, bmi1, bmi2, adx, fma, vzeroupper, clflush, clflushopt

Memory: 4k page, system-wide physical 7973M (193M free)
TotalPageFile size 32549M (AvailPageFile size 106M)
current process WorkingSet (physical memory assigned to process): 10M, peak: 10M
current process commit charge ("private bytes"): 60M, peak: 186M

vm_info: OpenJDK 64-Bit Server VM (17.0.1+12) for windows-amd64 JRE (17.0.1+12), built on Oct 20 2021 07:42:55 by "" with MS VC++ 16.7 (VS2019)

END.
